Arguments: 
  /home/richardsonbruno/.nvm/versions/node/v16.13.1/bin/node /home/richardsonbruno/.nvm/versions/node/v16.13.1/bin/yarn init

PATH: 
  /home/richardsonbruno/.nvm/versions/node/v16.13.1/bin:/home/richardsonbruno/.local/share/zinit/polaris/bin:/usr/local/sbin:/usr/local/bin:/usr/sbin:/usr/bin:/sbin:/bin:/usr/games:/usr/local/games:/snap/bin:/snap/bin:/home/richardsonbruno/Android/Sdk/emulator:/home/richardsonbruno/Android/Sdk/tools:/home/richardsonbruno/Android/Sdk/tools/bin:/home/richardsonbruno/Android/Sdk/platform-tools:/home/richardsonbruno/Android/Sdk/emulator:/home/richardsonbruno/Android/Sdk/tools:/home/richardsonbruno/Android/Sdk/tools/bin:/home/richardsonbruno/Android/Sdk/platform-tools

Yarn version: 
  1.22.17

Node version: 
  16.13.1

Platform: 
  linux x64

Trace: 
  Error: canceled
      at Interface.<anonymous> (/home/richardsonbruno/.nvm/versions/node/v16.13.1/lib/node_modules/yarn/lib/cli.js:137143:13)
      at Interface.emit (node:events:390:28)
      at Interface._ttyWrite (node:readline:1081:16)
      at ReadStream.onkeypress (node:readline:288:10)
      at ReadStream.emit (node:events:390:28)
      at emitKeys (node:internal/readline/utils:358:14)
      at emitKeys.next (<anonymous>)
      at ReadStream.onData (node:internal/readline/emitKeypressEvents:61:36)
      at ReadStream.emit (node:events:390:28)
      at addChunk (node:internal/streams/readable:315:12)

npm manifest: 
  No manifest

yarn manifest: 
  No manifest

Lockfile: 
  No lockfile
